<?xml version="1.0" encoding="UTF-8"?>
<testsuite name="FileIOBasicTest" tests="1" skipped="0" failures="0" errors="0" timestamp="2022-11-12T22:29:45" hostname="DESKTOP-2KRJOD4" time="0.025">
  <properties/>
  <testcase name="writingTest()" classname="FileIOBasicTest" time="0.025"/>
  <system-out><![CDATA[]]></system-out>
  <system-err><![CDATA[]]></system-err>
</testsuite>
