<?xml version="1.0" encoding="UTF-8"?>
<testsuite name="GenericNodeTest" tests="2" skipped="0" failures="0" errors="0" timestamp="2022-12-03T08:51:01" hostname="DESKTOP-2KRJOD4" time="0.028">
  <properties/>
  <testcase name="testValue()" classname="GenericNodeTest" time="0.025"/>
  <testcase name="testLinkedList()" classname="GenericNodeTest" time="0.001"/>
  <system-out><![CDATA[
Test Successfully Passed --------------------------------------------------------------------------------------------------------
Test Successfully Passed --------------------------------------------------------------------------------------------------------

]]></system-out>
  <system-err><![CDATA[]]></system-err>
</testsuite>
